0 info it worked if it ends with ok
1 verbose cli [ 'C:\\Program Files\\nodejs\\\\node.exe',
1 verbose cli   'C:\\Program Files\\nodejs\\node_modules\\npm\\bin\\npm-cli.js',
1 verbose cli   'install' ]
2 info using npm@1.4.23
3 info using node@v0.10.31
4 verbose node symlink C:\Program Files\nodejs\\node.exe
5 error install Couldn't read dependencies
6 error package.json ENOENT, open 'C:\FunSource\backgammon-ai\bin\package.json'
6 error package.json This is most likely not a problem with npm itself.
6 error package.json npm can't find a package.json file in your current directory.
7 error System Windows_NT 6.1.7601
8 error command "C:\\Program Files\\nodejs\\\\node.exe" "C:\\Program Files\\nodejs\\node_modules\\npm\\bin\\npm-cli.js" "install"
9 error cwd C:\FunSource\backgammon-ai\bin
10 error node -v v0.10.31
11 error npm -v 1.4.23
12 error path C:\FunSource\backgammon-ai\bin\package.json
13 error code ENOPACKAGEJSON
14 error errno 34
15 verbose exit [ 34, true ]
